c:\users\lim\desktop\std\c\nk\etc\debug\vc142.pdb
c:\users\lim\desktop\std\c\nk\etc\debug\vc142.idb
c:\users\lim\desktop\std\c\nk\etc\debug\error.obj
c:\users\lim\desktop\std\c\nk\etc\debug\03_gethostbyname.obj
c:\users\lim\desktop\std\c\nk\etc\debug\04_gethostbyaddr.obj
c:\users\lim\desktop\std\c\nk\etc\debug\05_socketoption.obj
c:\users\lim\desktop\std\c\nk\etc\debug\06_thread1.obj
c:\users\lim\desktop\std\c\nk\etc\debug\07_thread2.obj
c:\users\lim\desktop\std\c\nk\etc\debug\etc.ilk
c:\users\lim\desktop\std\c\nk\debug\etc.exe
c:\users\lim\desktop\std\c\nk\debug\etc.pdb
c:\users\lim\desktop\std\c\nk\etc\debug\etc.tlog\cl.command.1.tlog
c:\users\lim\desktop\std\c\nk\etc\debug\etc.tlog\cl.read.1.tlog
c:\users\lim\desktop\std\c\nk\etc\debug\etc.tlog\cl.write.1.tlog
c:\users\lim\desktop\std\c\nk\etc\debug\etc.tlog\link-cvtres.read.1.tlog
c:\users\lim\desktop\std\c\nk\etc\debug\etc.tlog\link-cvtres.write.1.tlog
c:\users\lim\desktop\std\c\nk\etc\debug\etc.tlog\link-rc.read.1.tlog
c:\users\lim\desktop\std\c\nk\etc\debug\etc.tlog\link-rc.write.1.tlog
c:\users\lim\desktop\std\c\nk\etc\debug\etc.tlog\link.14720-cvtres.read.1.tlog
c:\users\lim\desktop\std\c\nk\etc\debug\etc.tlog\link.14720-cvtres.write.1.tlog
c:\users\lim\desktop\std\c\nk\etc\debug\etc.tlog\link.14720-rc.read.1.tlog
c:\users\lim\desktop\std\c\nk\etc\debug\etc.tlog\link.14720-rc.write.1.tlog
c:\users\lim\desktop\std\c\nk\etc\debug\etc.tlog\link.14720.read.1.tlog
c:\users\lim\desktop\std\c\nk\etc\debug\etc.tlog\link.14720.write.1.tlog
c:\users\lim\desktop\std\c\nk\etc\debug\etc.tlog\link.command.1.tlog
c:\users\lim\desktop\std\c\nk\etc\debug\etc.tlog\link.read.1.tlog
c:\users\lim\desktop\std\c\nk\etc\debug\etc.tlog\link.write.1.tlog
